
Log written at : 3/2/2016 11:11:55 AM
Error occured on page : http://localhost:56801/adminSettingPage.aspx

Here is the actual error :
System.NullReferenceException: Object reference not set to an instance of an object.
   at IPCSystem.adminSettingPage.Page_Load(Object sender, EventArgs e) in c:\Users\Dell\Documents\Intelligent Pedestrian Crossing System\UILayer\IPCSystem\IPCSystem\adminSettingPage.aspx.cs:line 16
==========================================

Log written at : 3/2/2016 11:43:48 AM
Error occured on page : http://localhost:56801/adminCountdownTimePage.aspx

Here is the actual error :
System.NullReferenceException: Object reference not set to an instance of an object.
   at IPCSystem.adminCountdownTimePage.Page_Load(Object sender, EventArgs e) in c:\Users\Dell\Documents\Intelligent Pedestrian Crossing System\UILayer\IPCSystem\IPCSystem\adminCountdownTimePage.aspx.cs:line 30
==========================================

Log written at : 3/2/2016 11:47:30 AM
Error occured on page : http://localhost:56801/adminCountdownTimePage.aspx

Here is the actual error :
System.NullReferenceException: Object reference not set to an instance of an object.
   at IPCSystem.adminCountdownTimePage.Page_Load(Object sender, EventArgs e) in c:\Users\Dell\Documents\Intelligent Pedestrian Crossing System\UILayer\IPCSystem\IPCSystem\adminCountdownTimePage.aspx.cs:line 30
==========================================

Log written at : 3/2/2016 11:56:57 AM
Error occured on page : http://localhost:56801/adminCountdownTimePage.aspx

Here is the actual error :
System.NullReferenceException: Object reference not set to an instance of an object.
   at IPCSystem.adminCountdownTimePage.Page_Load(Object sender, EventArgs e) in c:\Users\Dell\Documents\Intelligent Pedestrian Crossing System\UILayer\IPCSystem\IPCSystem\adminCountdownTimePage.aspx.cs:line 30
==========================================

Log written at : 3/2/2016 11:59:59 AM
Error occured on page : http://localhost:56801/adminCountdownTimePage.aspx

Here is the actual error :
System.Net.WebException: Unable to connect to the remote server ---> System.Net.Sockets.SocketException: An attempt was made to access a socket in a way forbidden by its access permissions 192.168.1.5:8080
   at System.Net.Sockets.Socket.DoConnect(EndPoint endPointSnapshot, SocketAddress socketAddress)
   at System.Net.ServicePoint.ConnectSocketInternal(Boolean connectFailure, Socket s4, Socket s6, Socket& socket, IPAddress& address, ConnectSocketState state, IAsyncResult asyncResult, Exception& exception)
   --- End of inner exception stack trace ---
   at System.Net.HttpWebRequest.GetResponse()
   at IPCSystem.adminCountdownTimePage.btnSubmit_Click(Object sender, EventArgs e) in c:\Users\Dell\Documents\Intelligent Pedestrian Crossing System\UILayer\IPCSystem\IPCSystem\adminCountdownTimePage.aspx.cs:line 91
==========================================

Log written at : 3/2/2016 12:06:16 PM
Error occured on page : http://localhost:56801/adminCountdownTimePage.aspx

Here is the actual error :
System.NullReferenceException: Object reference not set to an instance of an object.
   at IPCSystem.adminCountdownTimePage.Page_Load(Object sender, EventArgs e) in c:\Users\Dell\Documents\Intelligent Pedestrian Crossing System\UILayer\IPCSystem\IPCSystem\adminCountdownTimePage.aspx.cs:line 30
==========================================

Log written at : 3/2/2016 12:06:26 PM
Error occured on page : http://localhost:56801/adminSettingPage.aspx

Here is the actual error :
System.NullReferenceException: Object reference not set to an instance of an object.
   at IPCSystem.adminSettingPage.Page_Load(Object sender, EventArgs e) in c:\Users\Dell\Documents\Intelligent Pedestrian Crossing System\UILayer\IPCSystem\IPCSystem\adminSettingPage.aspx.cs:line 19
==========================================

Log written at : 3/2/2016 1:40:23 PM
Error occured on page : http://localhost:56801/adminCountdownTimePage.aspx

Here is the actual error :
System.NullReferenceException: Object reference not set to an instance of an object.
   at IPCSystem.adminCountdownTimePage.Page_Load(Object sender, EventArgs e) in c:\Users\Dell\Documents\Intelligent Pedestrian Crossing System\UILayer\IPCSystem\IPCSystem\adminCountdownTimePage.aspx.cs:line 29
==========================================

Log written at : 3/2/2016 1:42:09 PM
Error occured on page : http://localhost:56801/adminCountdownTimePage.aspx

Here is the actual error :
System.NullReferenceException: Object reference not set to an instance of an object.
   at IPCSystem.adminCountdownTimePage.Page_Load(Object sender, EventArgs e) in c:\Users\Dell\Documents\Intelligent Pedestrian Crossing System\UILayer\IPCSystem\IPCSystem\adminCountdownTimePage.aspx.cs:line 29
==========================================

Log written at : 3/2/2016 1:43:45 PM
Error occured on page : http://localhost:56801/adminCountdownTimePage.aspx

Here is the actual error :
System.NullReferenceException: Object reference not set to an instance of an object.
   at IPCSystem.adminCountdownTimePage.Page_Load(Object sender, EventArgs e) in c:\Users\Dell\Documents\Intelligent Pedestrian Crossing System\UILayer\IPCSystem\IPCSystem\adminCountdownTimePage.aspx.cs:line 29
==========================================

Log written at : 3/2/2016 1:45:16 PM
Error occured on page : http://localhost:56801/adminCountdownTimePage.aspx

Here is the actual error :
System.NullReferenceException: Object reference not set to an instance of an object.
   at IPCSystem.adminCountdownTimePage.Page_Load(Object sender, EventArgs e) in c:\Users\Dell\Documents\Intelligent Pedestrian Crossing System\UILayer\IPCSystem\IPCSystem\adminCountdownTimePage.aspx.cs:line 29
==========================================

Log written at : 3/2/2016 1:47:06 PM
Error occured on page : http://localhost:56801/adminCountdownTimePage.aspx

Here is the actual error :
System.NullReferenceException: Object reference not set to an instance of an object.
   at IPCSystem.adminCountdownTimePage.Page_Load(Object sender, EventArgs e) in c:\Users\Dell\Documents\Intelligent Pedestrian Crossing System\UILayer\IPCSystem\IPCSystem\adminCountdownTimePage.aspx.cs:line 29
==========================================

Log written at : 3/2/2016 1:59:26 PM
Error occured on page : http://localhost:56801/adminCountdownTimePage.aspx

Here is the actual error :
System.NullReferenceException: Object reference not set to an instance of an object.
   at IPCSystem.adminCountdownTimePage.Page_Load(Object sender, EventArgs e) in c:\Users\Dell\Documents\Intelligent Pedestrian Crossing System\UILayer\IPCSystem\IPCSystem\adminCountdownTimePage.aspx.cs:line 29
==========================================

Log written at : 3/2/2016 2:00:28 PM
Error occured on page : http://localhost:56801/adminCountdownTimePage.aspx

Here is the actual error :
System.NullReferenceException: Object reference not set to an instance of an object.
   at IPCSystem.adminCountdownTimePage.Page_Load(Object sender, EventArgs e) in c:\Users\Dell\Documents\Intelligent Pedestrian Crossing System\UILayer\IPCSystem\IPCSystem\adminCountdownTimePage.aspx.cs:line 29
==========================================

Log written at : 3/2/2016 2:07:55 PM
Error occured on page : http://localhost:56801/adminCountdownTimePage.aspx

Here is the actual error :
System.NullReferenceException: Object reference not set to an instance of an object.
   at IPCSystem.adminCountdownTimePage.Page_Load(Object sender, EventArgs e) in c:\Users\Dell\Documents\Intelligent Pedestrian Crossing System\UILayer\IPCSystem\IPCSystem\adminCountdownTimePage.aspx.cs:line 29
==========================================

Log written at : 3/2/2016 2:08:39 PM
Error occured on page : http://localhost:56801/adminSettingPage.aspx

Here is the actual error :
System.NullReferenceException: Object reference not set to an instance of an object.
   at IPCSystem.adminSettingPage.Page_Load(Object sender, EventArgs e) in c:\Users\Dell\Documents\Intelligent Pedestrian Crossing System\UILayer\IPCSystem\IPCSystem\adminSettingPage.aspx.cs:line 17
==========================================

Log written at : 3/2/2016 2:08:46 PM
Error occured on page : http://localhost:56801/adminCountdownTimePage.aspx

Here is the actual error :
System.NullReferenceException: Object reference not set to an instance of an object.
   at IPCSystem.adminCountdownTimePage.Page_Load(Object sender, EventArgs e) in c:\Users\Dell\Documents\Intelligent Pedestrian Crossing System\UILayer\IPCSystem\IPCSystem\adminCountdownTimePage.aspx.cs:line 29
==========================================

Log written at : 3/2/2016 2:33:34 PM
Error occured on page : http://localhost:56801/adminCountdownTimePage.aspx

Here is the actual error :
System.NullReferenceException: Object reference not set to an instance of an object.
   at IPCSystem.adminCountdownTimePage.Page_Load(Object sender, EventArgs e) in c:\Users\Dell\Documents\Intelligent Pedestrian Crossing System\UILayer\IPCSystem\IPCSystem\adminCountdownTimePage.aspx.cs:line 29
==========================================

Log written at : 3/2/2016 2:43:27 PM
Error occured on page : http://localhost:56801/adminCountdownTimePage.aspx

Here is the actual error :
System.NullReferenceException: Object reference not set to an instance of an object.
   at IPCSystem.adminCountdownTimePage.Page_Load(Object sender, EventArgs e) in c:\Users\Dell\Documents\Intelligent Pedestrian Crossing System\UILayer\IPCSystem\IPCSystem\adminCountdownTimePage.aspx.cs:line 29
==========================================

Log written at : 3/2/2016 2:45:54 PM
Error occured on page : http://localhost:56801/adminCountdownTimePage.aspx

Here is the actual error :
System.NullReferenceException: Object reference not set to an instance of an object.
   at IPCSystem.adminCountdownTimePage.Page_Load(Object sender, EventArgs e) in c:\Users\Dell\Documents\Intelligent Pedestrian Crossing System\UILayer\IPCSystem\IPCSystem\adminCountdownTimePage.aspx.cs:line 29
==========================================

Log written at : 3/2/2016 2:48:23 PM
Error occured on page : http://localhost:56801/adminCountdownTimePage.aspx

Here is the actual error :
System.NullReferenceException: Object reference not set to an instance of an object.
   at IPCSystem.adminCountdownTimePage.Page_Load(Object sender, EventArgs e) in c:\Users\Dell\Documents\Intelligent Pedestrian Crossing System\UILayer\IPCSystem\IPCSystem\adminCountdownTimePage.aspx.cs:line 29
==========================================

Log written at : 3/2/2016 2:50:04 PM
Error occured on page : http://localhost:56801/adminCountdownTimePage.aspx

Here is the actual error :
System.NullReferenceException: Object reference not set to an instance of an object.
   at IPCSystem.adminCountdownTimePage.Page_Load(Object sender, EventArgs e) in c:\Users\Dell\Documents\Intelligent Pedestrian Crossing System\UILayer\IPCSystem\IPCSystem\adminCountdownTimePage.aspx.cs:line 29
==========================================

Log written at : 3/2/2016 2:51:27 PM
Error occured on page : http://localhost:56801/adminCountdownTimePage.aspx

Here is the actual error :
System.NullReferenceException: Object reference not set to an instance of an object.
   at IPCSystem.adminCountdownTimePage.Page_Load(Object sender, EventArgs e) in c:\Users\Dell\Documents\Intelligent Pedestrian Crossing System\UILayer\IPCSystem\IPCSystem\adminCountdownTimePage.aspx.cs:line 29
==========================================

Log written at : 3/2/2016 2:53:10 PM
Error occured on page : http://localhost:56801/adminCountdownTimePage.aspx

Here is the actual error :
System.NullReferenceException: Object reference not set to an instance of an object.
   at IPCSystem.adminCountdownTimePage.Page_Load(Object sender, EventArgs e) in c:\Users\Dell\Documents\Intelligent Pedestrian Crossing System\UILayer\IPCSystem\IPCSystem\adminCountdownTimePage.aspx.cs:line 29
==========================================

Log written at : 3/2/2016 4:43:18 PM
Error occured on page : http://localhost:56801/adminCountdownTimePage.aspx

Here is the actual error :
System.NullReferenceException: Object reference not set to an instance of an object.
   at IPCSystem.adminCountdownTimePage.Page_Load(Object sender, EventArgs e) in c:\Users\Dell\Documents\Intelligent Pedestrian Crossing System\UILayer\IPCSystem\IPCSystem\adminCountdownTimePage.aspx.cs:line 29
==========================================

Log written at : 3/2/2016 4:46:42 PM
Error occured on page : http://localhost:56801/adminCountdownTimePage.aspx

Here is the actual error :
System.NullReferenceException: Object reference not set to an instance of an object.
   at IPCSystem.adminCountdownTimePage.Page_Load(Object sender, EventArgs e) in c:\Users\Dell\Documents\Intelligent Pedestrian Crossing System\UILayer\IPCSystem\IPCSystem\adminCountdownTimePage.aspx.cs:line 29
==========================================

Log written at : 3/2/2016 4:47:54 PM
Error occured on page : http://localhost:56801/adminCountdownTimePage.aspx

Here is the actual error :
System.NullReferenceException: Object reference not set to an instance of an object.
   at IPCSystem.adminCountdownTimePage.Page_Load(Object sender, EventArgs e) in c:\Users\Dell\Documents\Intelligent Pedestrian Crossing System\UILayer\IPCSystem\IPCSystem\adminCountdownTimePage.aspx.cs:line 29
==========================================

Log written at : 3/2/2016 5:01:59 PM
Error occured on page : http://localhost:56801/adminCountdownTimePage.aspx

Here is the actual error :
System.NullReferenceException: Object reference not set to an instance of an object.
   at IPCSystem.adminCountdownTimePage.Page_Load(Object sender, EventArgs e) in c:\Users\Dell\Documents\Intelligent Pedestrian Crossing System\UILayer\IPCSystem\IPCSystem\adminCountdownTimePage.aspx.cs:line 29
==========================================

Log written at : 3/2/2016 5:04:06 PM
Error occured on page : http://localhost:56801/adminCountdownTimePage.aspx

Here is the actual error :
System.NullReferenceException: Object reference not set to an instance of an object.
   at IPCSystem.adminCountdownTimePage.Page_Load(Object sender, EventArgs e) in c:\Users\Dell\Documents\Intelligent Pedestrian Crossing System\UILayer\IPCSystem\IPCSystem\adminCountdownTimePage.aspx.cs:line 29
==========================================

Log written at : 3/2/2016 5:05:42 PM
Error occured on page : http://localhost:56801/adminCountdownTimePage.aspx

Here is the actual error :
System.NullReferenceException: Object reference not set to an instance of an object.
   at IPCSystem.adminCountdownTimePage.Page_Load(Object sender, EventArgs e) in c:\Users\Dell\Documents\Intelligent Pedestrian Crossing System\UILayer\IPCSystem\IPCSystem\adminCountdownTimePage.aspx.cs:line 29
==========================================

Log written at : 3/2/2016 5:07:03 PM
Error occured on page : http://localhost:56801/adminCountdownTimePage.aspx

Here is the actual error :
System.NullReferenceException: Object reference not set to an instance of an object.
   at IPCSystem.adminCountdownTimePage.Page_Load(Object sender, EventArgs e) in c:\Users\Dell\Documents\Intelligent Pedestrian Crossing System\UILayer\IPCSystem\IPCSystem\adminCountdownTimePage.aspx.cs:line 29
==========================================

Log written at : 3/2/2016 5:08:09 PM
Error occured on page : http://localhost:56801/adminCountdownTimePage.aspx

Here is the actual error :
System.NullReferenceException: Object reference not set to an instance of an object.
   at IPCSystem.adminCountdownTimePage.Page_Load(Object sender, EventArgs e) in c:\Users\Dell\Documents\Intelligent Pedestrian Crossing System\UILayer\IPCSystem\IPCSystem\adminCountdownTimePage.aspx.cs:line 29
==========================================

Log written at : 3/2/2016 5:08:21 PM
Error occured on page : http://localhost:56801/adminCountdownTimePage.aspx

Here is the actual error :
System.NullReferenceException: Object reference not set to an instance of an object.
   at IPCSystem.adminCountdownTimePage.Page_Load(Object sender, EventArgs e) in c:\Users\Dell\Documents\Intelligent Pedestrian Crossing System\UILayer\IPCSystem\IPCSystem\adminCountdownTimePage.aspx.cs:line 29
==========================================

Log written at : 3/2/2016 5:12:04 PM
Error occured on page : http://localhost:56801/adminCountdownTimePage.aspx

Here is the actual error :
System.NullReferenceException: Object reference not set to an instance of an object.
   at IPCSystem.adminCountdownTimePage.Page_Load(Object sender, EventArgs e) in c:\Users\Dell\Documents\Intelligent Pedestrian Crossing System\UILayer\IPCSystem\IPCSystem\adminCountdownTimePage.aspx.cs:line 29
==========================================

Log written at : 3/2/2016 5:13:49 PM
Error occured on page : http://localhost:56801/adminCountdownTimePage.aspx

Here is the actual error :
System.NullReferenceException: Object reference not set to an instance of an object.
   at IPCSystem.adminCountdownTimePage.Page_Load(Object sender, EventArgs e) in c:\Users\Dell\Documents\Intelligent Pedestrian Crossing System\UILayer\IPCSystem\IPCSystem\adminCountdownTimePage.aspx.cs:line 29
==========================================

Log written at : 3/2/2016 5:15:01 PM
Error occured on page : http://localhost:56801/adminCountdownTimePage.aspx

Here is the actual error :
System.NullReferenceException: Object reference not set to an instance of an object.
   at IPCSystem.adminCountdownTimePage.Page_Load(Object sender, EventArgs e) in c:\Users\Dell\Documents\Intelligent Pedestrian Crossing System\UILayer\IPCSystem\IPCSystem\adminCountdownTimePage.aspx.cs:line 29
==========================================

Log written at : 3/2/2016 5:15:25 PM
Error occured on page : http://localhost:56801/adminCountdownTimePage.aspx

Here is the actual error :
System.NullReferenceException: Object reference not set to an instance of an object.
   at IPCSystem.adminCountdownTimePage.Page_Load(Object sender, EventArgs e) in c:\Users\Dell\Documents\Intelligent Pedestrian Crossing System\UILayer\IPCSystem\IPCSystem\adminCountdownTimePage.aspx.cs:line 29
==========================================

Log written at : 3/2/2016 5:16:30 PM
Error occured on page : http://localhost:56801/adminCountdownTimePage.aspx

Here is the actual error :
System.NullReferenceException: Object reference not set to an instance of an object.
   at IPCSystem.adminCountdownTimePage.Page_Load(Object sender, EventArgs e) in c:\Users\Dell\Documents\Intelligent Pedestrian Crossing System\UILayer\IPCSystem\IPCSystem\adminCountdownTimePage.aspx.cs:line 29
==========================================

Log written at : 3/2/2016 5:17:25 PM
Error occured on page : http://localhost:56801/adminCountdownTimePage.aspx

Here is the actual error :
System.NullReferenceException: Object reference not set to an instance of an object.
   at IPCSystem.adminCountdownTimePage.Page_Load(Object sender, EventArgs e) in c:\Users\Dell\Documents\Intelligent Pedestrian Crossing System\UILayer\IPCSystem\IPCSystem\adminCountdownTimePage.aspx.cs:line 29
==========================================

Log written at : 3/2/2016 5:17:55 PM
Error occured on page : http://localhost:56801/adminCountdownTimePage.aspx

Here is the actual error :
System.NullReferenceException: Object reference not set to an instance of an object.
   at IPCSystem.adminCountdownTimePage.Page_Load(Object sender, EventArgs e) in c:\Users\Dell\Documents\Intelligent Pedestrian Crossing System\UILayer\IPCSystem\IPCSystem\adminCountdownTimePage.aspx.cs:line 29
==========================================

Log written at : 3/2/2016 5:20:26 PM
Error occured on page : http://localhost:56801/adminCountdownTimePage.aspx

Here is the actual error :
System.NullReferenceException: Object reference not set to an instance of an object.
   at IPCSystem.adminCountdownTimePage.Page_Load(Object sender, EventArgs e) in c:\Users\Dell\Documents\Intelligent Pedestrian Crossing System\UILayer\IPCSystem\IPCSystem\adminCountdownTimePage.aspx.cs:line 29
==========================================

Log written at : 3/2/2016 5:21:10 PM
Error occured on page : http://localhost:56801/adminCountdownTimePage.aspx

Here is the actual error :
System.NullReferenceException: Object reference not set to an instance of an object.
   at IPCSystem.adminCountdownTimePage.Page_Load(Object sender, EventArgs e) in c:\Users\Dell\Documents\Intelligent Pedestrian Crossing System\UILayer\IPCSystem\IPCSystem\adminCountdownTimePage.aspx.cs:line 29
==========================================

Log written at : 3/2/2016 5:22:04 PM
Error occured on page : http://localhost:56801/adminCountdownTimePage.aspx

Here is the actual error :
System.NullReferenceException: Object reference not set to an instance of an object.
   at IPCSystem.adminCountdownTimePage.Page_Load(Object sender, EventArgs e) in c:\Users\Dell\Documents\Intelligent Pedestrian Crossing System\UILayer\IPCSystem\IPCSystem\adminCountdownTimePage.aspx.cs:line 29
==========================================

Log written at : 3/2/2016 5:22:58 PM
Error occured on page : http://localhost:56801/adminCountdownTimePage.aspx

Here is the actual error :
System.NullReferenceException: Object reference not set to an instance of an object.
   at IPCSystem.adminCountdownTimePage.Page_Load(Object sender, EventArgs e) in c:\Users\Dell\Documents\Intelligent Pedestrian Crossing System\UILayer\IPCSystem\IPCSystem\adminCountdownTimePage.aspx.cs:line 29
==========================================

Log written at : 3/2/2016 5:23:46 PM
Error occured on page : http://localhost:56801/adminCountdownTimePage.aspx

Here is the actual error :
System.NullReferenceException: Object reference not set to an instance of an object.
   at IPCSystem.adminCountdownTimePage.Page_Load(Object sender, EventArgs e) in c:\Users\Dell\Documents\Intelligent Pedestrian Crossing System\UILayer\IPCSystem\IPCSystem\adminCountdownTimePage.aspx.cs:line 29
==========================================

Log written at : 3/2/2016 5:25:56 PM
Error occured on page : http://localhost:56801/adminCountdownTimePage.aspx

Here is the actual error :
System.NullReferenceException: Object reference not set to an instance of an object.
   at IPCSystem.adminCountdownTimePage.Page_Load(Object sender, EventArgs e) in c:\Users\Dell\Documents\Intelligent Pedestrian Crossing System\UILayer\IPCSystem\IPCSystem\adminCountdownTimePage.aspx.cs:line 29
==========================================

Log written at : 3/2/2016 5:27:15 PM
Error occured on page : http://localhost:56801/adminCountdownTimePage.aspx

Here is the actual error :
System.NullReferenceException: Object reference not set to an instance of an object.
   at IPCSystem.adminCountdownTimePage.Page_Load(Object sender, EventArgs e) in c:\Users\Dell\Documents\Intelligent Pedestrian Crossing System\UILayer\IPCSystem\IPCSystem\adminCountdownTimePage.aspx.cs:line 29
==========================================

Log written at : 3/2/2016 5:30:07 PM
Error occured on page : http://localhost:56801/adminCountdownTimePage.aspx

Here is the actual error :
System.NullReferenceException: Object reference not set to an instance of an object.
   at IPCSystem.adminCountdownTimePage.Page_Load(Object sender, EventArgs e) in c:\Users\Dell\Documents\Intelligent Pedestrian Crossing System\UILayer\IPCSystem\IPCSystem\adminCountdownTimePage.aspx.cs:line 29
==========================================

Log written at : 3/2/2016 5:33:32 PM
Error occured on page : http://localhost:56801/adminCountdownTimePage.aspx

Here is the actual error :
System.NullReferenceException: Object reference not set to an instance of an object.
   at IPCSystem.adminCountdownTimePage.Page_Load(Object sender, EventArgs e) in c:\Users\Dell\Documents\Intelligent Pedestrian Crossing System\UILayer\IPCSystem\IPCSystem\adminCountdownTimePage.aspx.cs:line 29
==========================================

Log written at : 3/2/2016 5:33:35 PM
Error occured on page : http://localhost:56801/adminCountdownTimePage.aspx

Here is the actual error :
System.NullReferenceException: Object reference not set to an instance of an object.
   at IPCSystem.adminCountdownTimePage.Page_Load(Object sender, EventArgs e) in c:\Users\Dell\Documents\Intelligent Pedestrian Crossing System\UILayer\IPCSystem\IPCSystem\adminCountdownTimePage.aspx.cs:line 29
==========================================

Log written at : 3/2/2016 5:35:05 PM
Error occured on page : http://localhost:56801/adminCountdownTimePage.aspx

Here is the actual error :
System.NullReferenceException: Object reference not set to an instance of an object.
   at IPCSystem.adminCountdownTimePage.Page_Load(Object sender, EventArgs e) in c:\Users\Dell\Documents\Intelligent Pedestrian Crossing System\UILayer\IPCSystem\IPCSystem\adminCountdownTimePage.aspx.cs:line 29
==========================================

Log written at : 3/2/2016 5:37:43 PM
Error occured on page : http://localhost:56801/adminSettingPage.aspx

Here is the actual error :
System.NullReferenceException: Object reference not set to an instance of an object.
   at IPCSystem.adminSettingPage.Page_Load(Object sender, EventArgs e) in c:\Users\Dell\Documents\Intelligent Pedestrian Crossing System\UILayer\IPCSystem\IPCSystem\adminSettingPage.aspx.cs:line 17
==========================================

Log written at : 3/2/2016 5:43:46 PM
Error occured on page : http://localhost:56801/adminCountdownTimePage.aspx

Here is the actual error :
System.ArgumentOutOfRangeException: Specified argument was out of the range of valid values.
Parameter name: size
   at System.Net.ConnectStream.Read(Byte[] buffer, Int32 offset, Int32 size)
   at IPCSystem.adminCountdownTimePage.btnSubmit_Click(Object sender, EventArgs e) in c:\Users\Dell\Documents\Intelligent Pedestrian Crossing System\UILayer\IPCSystem\IPCSystem\adminCountdownTimePage.aspx.cs:line 94
==========================================

Log written at : 3/2/2016 5:47:55 PM
Error occured on page : http://localhost:56801/adminCountdownTimePage.aspx

Here is the actual error :
System.ArgumentOutOfRangeException: Specified argument was out of the range of valid values.
Parameter name: size
   at System.Net.ConnectStream.Read(Byte[] buffer, Int32 offset, Int32 size)
   at IPCSystem.adminCountdownTimePage.btnSubmit_Click(Object sender, EventArgs e) in c:\Users\Dell\Documents\Intelligent Pedestrian Crossing System\UILayer\IPCSystem\IPCSystem\adminCountdownTimePage.aspx.cs:line 94
==========================================
