
Log written at : 2/25/2016 10:26:40 AM
Error occured on page : http://localhost:56801/Default.aspx

Here is the actual error :
System.Exception: Error occured
   at IPCSystem.Default.Page_Load(Object sender, EventArgs e) in c:\Users\Dell\Documents\Intelligent Pedestrian Crossing System\UILayer\IPCSystem\IPCSystem\Default.aspx.cs:line 16
==========================================

Log written at : 2/25/2016 7:10:10 PM
Error occured on page : http://localhost:56801/adminCountdownTimePage.aspx

Here is the actual error :
System.ArgumentOutOfRangeException: startIndex cannot be larger than length of string.
Parameter name: startIndex
   at System.String.InternalSubStringWithChecks(Int32 startIndex, Int32 length, Boolean fAlwaysCopy)
   at System.String.Substring(Int32 startIndex, Int32 length)
   at IPCS_BBLayer.calculateCountdownTime.countdownTime() in c:\Users\Dell\Documents\Intelligent Pedestrian Crossing System\BBLayer\IPCS_BBLayer\IPCS_BBLayer\calculateCountdownTime.cs:line 21
   at IPCSystem.adminCountdownTimePage.btnSubmit_Click(Object sender, EventArgs e) in c:\Users\Dell\Documents\Intelligent Pedestrian Crossing System\UILayer\IPCSystem\IPCSystem\adminCountdownTimePage.aspx.cs:line 24
==========================================

Log written at : 2/25/2016 7:15:22 PM
Error occured on page : http://localhost:56801/adminCountdownTimePage.aspx

Here is the actual error :
System.ArgumentOutOfRangeException: startIndex cannot be larger than length of string.
Parameter name: startIndex
   at System.String.InternalSubStringWithChecks(Int32 startIndex, Int32 length, Boolean fAlwaysCopy)
   at System.String.Substring(Int32 startIndex, Int32 length)
   at IPCS_BBLayer.calculateCountdownTime.countdownTime() in c:\Users\Dell\Documents\Intelligent Pedestrian Crossing System\BBLayer\IPCS_BBLayer\IPCS_BBLayer\calculateCountdownTime.cs:line 21
   at IPCSystem.adminCountdownTimePage.btnSubmit_Click(Object sender, EventArgs e) in c:\Users\Dell\Documents\Intelligent Pedestrian Crossing System\UILayer\IPCSystem\IPCSystem\adminCountdownTimePage.aspx.cs:line 24
==========================================

Log written at : 2/25/2016 7:17:11 PM
Error occured on page : http://localhost:56801/adminCountdownTimePage.aspx

Here is the actual error :
System.ArgumentOutOfRangeException: startIndex cannot be larger than length of string.
Parameter name: startIndex
   at System.String.InternalSubStringWithChecks(Int32 startIndex, Int32 length, Boolean fAlwaysCopy)
   at System.String.Substring(Int32 startIndex, Int32 length)
   at IPCS_BBLayer.calculateCountdownTime.countdownTime() in c:\Users\Dell\Documents\Intelligent Pedestrian Crossing System\BBLayer\IPCS_BBLayer\IPCS_BBLayer\calculateCountdownTime.cs:line 21
   at IPCSystem.adminCountdownTimePage.btnSubmit_Click(Object sender, EventArgs e) in c:\Users\Dell\Documents\Intelligent Pedestrian Crossing System\UILayer\IPCSystem\IPCSystem\adminCountdownTimePage.aspx.cs:line 24
==========================================

Log written at : 2/25/2016 7:19:02 PM
Error occured on page : http://localhost:56801/adminCountdownTimePage.aspx

Here is the actual error :
System.ArgumentOutOfRangeException: startIndex cannot be larger than length of string.
Parameter name: startIndex
   at System.String.InternalSubStringWithChecks(Int32 startIndex, Int32 length, Boolean fAlwaysCopy)
   at System.String.Substring(Int32 startIndex, Int32 length)
   at IPCS_BBLayer.calculateCountdownTime.countdownTime() in c:\Users\Dell\Documents\Intelligent Pedestrian Crossing System\BBLayer\IPCS_BBLayer\IPCS_BBLayer\calculateCountdownTime.cs:line 21
   at IPCSystem.adminCountdownTimePage.btnSubmit_Click(Object sender, EventArgs e) in c:\Users\Dell\Documents\Intelligent Pedestrian Crossing System\UILayer\IPCSystem\IPCSystem\adminCountdownTimePage.aspx.cs:line 24
==========================================
