
Log written at : 2/26/2016 10:37:29 AM
Error occured on page : http://localhost:56801/LoginPage.aspx

Here is the actual error :
System.Data.SqlClient.SqlException (0x80131904): Invalid object name 'SUser'.
   at System.Data.SqlClient.SqlConnection.OnError(SqlException exception, Boolean breakConnection, Action`1 wrapCloseInAction)
   at System.Data.SqlClient.SqlInternalConnection.OnError(SqlException exception, Boolean breakConnection, Action`1 wrapCloseInAction)
   at System.Data.SqlClient.TdsParser.ThrowExceptionAndWarning(TdsParserStateObject stateObj, Boolean callerHasConnectionLock, Boolean asyncClose)
   at System.Data.SqlClient.TdsParser.TryRun(RunBehavior runBehavior, SqlCommand cmdHandler, SqlDataReader dataStream, BulkCopySimpleResultSet bulkCopyHandler, TdsParserStateObject stateObj, Boolean& dataReady)
   at System.Data.SqlClient.SqlDataReader.TryConsumeMetaData()
   at System.Data.SqlClient.SqlDataReader.get_MetaData()
   at System.Data.SqlClient.SqlCommand.FinishExecuteReader(SqlDataReader ds, RunBehavior runBehavior, String resetOptionsString)
   at System.Data.SqlClient.SqlCommand.RunExecuteReaderTds(CommandBehavior cmdBehavior, RunBehavior runBehavior, Boolean returnStream, Boolean async, Int32 timeout, Task& task, Boolean asyncWrite)
   at System.Data.SqlClient.SqlCommand.RunExecuteReader(CommandBehavior cmdBehavior, RunBehavior runBehavior, Boolean returnStream, String method, TaskCompletionSource`1 completion, Int32 timeout, Task& task, Boolean asyncWrite)
   at System.Data.SqlClient.SqlCommand.RunExecuteReader(CommandBehavior cmdBehavior, RunBehavior runBehavior, Boolean returnStream, String method)
   at System.Data.SqlClient.SqlCommand.ExecuteReader(CommandBehavior behavior, String method)
   at System.Data.SqlClient.SqlCommand.ExecuteReader()
   at IPCSystem_DBLayer.DBConnection.getdata(String sql) in c:\Users\Dell\Documents\Intelligent Pedestrian Crossing System\BBLayer\IPCSystem_DBLayer\IPCSystem_DBLayer\DBConnection.cs:line 50
   at IPCSystem_DBLayer.SUser.getUserData(SUser obj) in c:\Users\Dell\Documents\Intelligent Pedestrian Crossing System\BBLayer\IPCSystem_DBLayer\IPCSystem_DBLayer\SUser.cs:line 50
   at IPCSystem.LoginPage.btnSubmit_Click(Object sender, EventArgs e) in c:\Users\Dell\Documents\Intelligent Pedestrian Crossing System\UILayer\IPCSystem\IPCSystem\LoginPage.aspx.cs:line 30
ClientConnectionId:3f9fb1b7-f9af-4a1d-b6ac-d155b48d2b36
==========================================

Log written at : 2/26/2016 10:40:46 AM
Error occured on page : http://localhost:56801/LoginPage.aspx

Here is the actual error :
System.Threading.ThreadAbortException: Thread was being aborted.
   at System.Threading.Thread.AbortInternal()
   at System.Threading.Thread.Abort(Object stateInfo)
   at System.Web.HttpResponse.AbortCurrentThread()
   at System.Web.HttpResponse.End()
   at System.Web.HttpServerUtility.Transfer(String path, Boolean preserveForm)
   at IPCSystem.LoginPage.btnSubmit_Click(Object sender, EventArgs e) in c:\Users\Dell\Documents\Intelligent Pedestrian Crossing System\UILayer\IPCSystem\IPCSystem\LoginPage.aspx.cs:line 38
==========================================

Log written at : 2/26/2016 10:43:26 AM
Error occured on page : http://localhost:56801/LoginPage.aspx

Here is the actual error :
System.Threading.ThreadAbortException: Thread was being aborted.
   at System.Threading.Thread.AbortInternal()
   at System.Threading.Thread.Abort(Object stateInfo)
   at System.Web.HttpResponse.AbortCurrentThread()
   at System.Web.HttpResponse.End()
   at System.Web.HttpServerUtility.Transfer(String path, Boolean preserveForm)
   at IPCSystem.LoginPage.btnSubmit_Click(Object sender, EventArgs e) in c:\Users\Dell\Documents\Intelligent Pedestrian Crossing System\UILayer\IPCSystem\IPCSystem\LoginPage.aspx.cs:line 38
==========================================

Log written at : 2/26/2016 10:58:20 AM
Error occured on page : http://localhost:56801/LoginPage.aspx

Here is the actual error :
System.Threading.ThreadAbortException: Thread was being aborted.
   at System.Threading.Thread.AbortInternal()
   at System.Threading.Thread.Abort(Object stateInfo)
   at System.Web.HttpResponse.AbortCurrentThread()
   at System.Web.HttpResponse.End()
   at System.Web.HttpServerUtility.Transfer(String path, Boolean preserveForm)
   at System.Web.HttpServerUtility.Transfer(String path)
   at IPCSystem.LoginPage.btnSubmit_Click(Object sender, EventArgs e) in c:\Users\Dell\Documents\Intelligent Pedestrian Crossing System\UILayer\IPCSystem\IPCSystem\LoginPage.aspx.cs:line 38
==========================================


Log written at : 2/26/2016 11:00:23 AM
Error occured on page : http://localhost:56801/LoginPage.aspx

Here is the actual error :
System.Threading.ThreadAbortException: Thread was being aborted.
   at System.Threading.Thread.AbortInternal()
   at System.Threading.Thread.Abort(Object stateInfo)
   at System.Web.HttpResponse.AbortCurrentThread()
   at System.Web.HttpResponse.End()
   at System.Web.HttpServerUtility.Transfer(String path, Boolean preserveForm)
   at IPCSystem.LoginPage.btnSubmit_Click(Object sender, EventArgs e) in c:\Users\Dell\Documents\Intelligent Pedestrian Crossing System\UILayer\IPCSystem\IPCSystem\LoginPage.aspx.cs:line 38
==========================================

Log written at : 2/26/2016 12:06:31 PM
Error occured on page : http://localhost:56801/LoginPage.aspx

Here is the actual error :
System.Threading.ThreadAbortException: Thread was being aborted.
   at System.Threading.Thread.AbortInternal()
   at System.Threading.Thread.Abort(Object stateInfo)
   at System.Web.HttpResponse.AbortCurrentThread()
   at System.Web.HttpResponse.End()
   at System.Web.HttpServerUtility.Transfer(String path, Boolean preserveForm)
   at IPCSystem.LoginPage.btnSubmit_Click(Object sender, EventArgs e) in c:\Users\Dell\Documents\Intelligent Pedestrian Crossing System\UILayer\IPCSystem\IPCSystem\LoginPage.aspx.cs:line 42
==========================================

Log written at : 2/26/2016 12:17:25 PM
Error occured on page : http://localhost:56801/LoginPage.aspx

Here is the actual error :
System.Threading.ThreadAbortException: Thread was being aborted.
   at System.Threading.Thread.AbortInternal()
   at System.Threading.Thread.Abort(Object stateInfo)
   at System.Web.HttpResponse.AbortCurrentThread()
   at System.Web.HttpResponse.End()
   at System.Web.HttpResponse.Redirect(String url, Boolean endResponse, Boolean permanent)
   at System.Web.HttpResponse.Redirect(String url)
   at IPCSystem.LoginPage.btnSubmit_Click(Object sender, EventArgs e) in c:\Users\Dell\Documents\Intelligent Pedestrian Crossing System\UILayer\IPCSystem\IPCSystem\LoginPage.aspx.cs:line 42
==========================================

Log written at : 2/26/2016 6:56:04 PM
Error occured on page : http://localhost:56801/LoginPage.aspx

Here is the actual error :
System.Threading.ThreadAbortException: Thread was being aborted.
   at System.Threading.Thread.AbortInternal()
   at System.Threading.Thread.Abort(Object stateInfo)
   at System.Web.HttpResponse.AbortCurrentThread()
   at System.Web.HttpResponse.End()
   at System.Web.HttpResponse.Redirect(String url, Boolean endResponse, Boolean permanent)
   at System.Web.HttpResponse.Redirect(String url)
   at IPCSystem.LoginPage.btnSubmit_Click(Object sender, EventArgs e) in c:\Users\Dell\Documents\Intelligent Pedestrian Crossing System\UILayer\IPCSystem\IPCSystem\LoginPage.aspx.cs:line 42
==========================================


Log written at : 2/26/2016 8:55:36 PM
Error occured on page : http://localhost:56801/adminCountdownTimePage.aspx

Here is the actual error :
System.InvalidOperationException: Invalid attempt to read when no data is present.
   at System.Data.SqlClient.SqlDataReader.CheckDataIsReady(Int32 columnIndex, Boolean allowPartiallyReadColumn, Boolean permitAsync, String methodName)
   at System.Data.SqlClient.SqlDataReader.TryReadColumn(Int32 i, Boolean setTimeout, Boolean allowPartiallyReadColumn)
   at System.Data.SqlClient.SqlDataReader.GetValueInternal(Int32 i)
   at System.Data.SqlClient.SqlDataReader.GetValue(Int32 i)
   at System.Data.SqlClient.SqlDataReader.get_Item(String name)
   at IPCSystem.adminCountdownTimePage.Page_Load(Object sender, EventArgs e) in c:\Users\Dell\Documents\Intelligent Pedestrian Crossing System\UILayer\IPCSystem\IPCSystem\adminCountdownTimePage.aspx.cs:line 33
==========================================

Log written at : 2/26/2016 11:05:29 PM
Error occured on page : http://localhost:56801/adminCountdownTimePage.aspx

Here is the actual error :
System.NullReferenceException: Object reference not set to an instance of an object.
   at IPCSystem.adminCountdownTimePage.Page_Load(Object sender, EventArgs e) in c:\Users\Dell\Documents\Intelligent Pedestrian Crossing System\UILayer\IPCSystem\IPCSystem\adminCountdownTimePage.aspx.cs:line 33
==========================================
